<?xml version="1.0" encoding="UTF-8"?>
<!-- Generated by org.testng.reporters.JUnitReportReporter -->
<testsuite hostname="LAPTOP-L63QCRR4" failures="0" tests="1" name="functional.test.amazon" time="42.642" errors="0" timestamp="2024-04-18T13:16:58 IST" skipped="0">
  <testcase classname="functional.test.amazon" name="openAmazon" time="42.642"/>
</testsuite> <!-- functional.test.amazon -->
