<?xml version="1.0" encoding="UTF-8"?>
<!-- Generated by org.testng.reporters.JUnitReportReporter -->
<testsuite hostname="LAPTOP-L63QCRR4" failures="0" tests="1" name="workingwithextentreports.Report" time="30.866" errors="0" timestamp="2024-04-24T12:35:33 IST" skipped="0">
  <testcase classname="workingwithextentreports.Report" name="toGetExtentReports" time="30.866"/>
</testsuite> <!-- workingwithextentreports.Report -->
